<?xml version="1.0" encoding="UTF-8"?>
<testsuite xmlns:xsi="http://www.w3.org/2001/XMLSchema-instance" xsi:noNamespaceSchemaLocation="https://maven.apache.org/surefire/maven-surefire-plugin/xsd/surefire-test-report.xsd" version="3.0.2" name="com.nanbei.entertainment.backend.BackendWuLongRoomFlowIT" time="52.851" tests="5" errors="0" skipped="0" failures="0" flakes="0">
  <properties>
[...]
</properties>
  <testcase name="serverOwnedFourDeckRoundReachesResultAndOnlyOwnerCanIdempotentlyStartNextRound" classname="com.nanbei.entertainment.backend.BackendWuLongRoomFlowIT" time="12.872">
    <system-out><![CDATA[01:37:36.942 [main] INFO org.springframework.boot.test.context.SpringBootTestContextBootstrapper -- Found @SpringBootConfiguration com.nanbei.entertainment.backend.NanbeiBackendApplication for test class com.nanbei.entertainment.backend.BackendWuLongRoomFlowIT
01:37:36.978 [main] INFO org.springframework.test.context.support.AnnotationConfigContextLoaderUtils -- Could not detect default configuration classes for test class [com.nanbei.entertainment.backend.RoomFlowTestSupport]: RoomFlowTestSupport does not declare any static, non-private, non-final, nested classes annotated with @Configuration.
01:37:36.978 [main] INFO org.springframework.test.context.support.AnnotationConfigContextLoaderUtils -- Could not detect default configuration classes for test class [com.nanbei.entertainment.backend.BackendFlowTestSupport]: BackendFlowTestSupport does not declare any static, non-private, non-final, nested classes annotated with @Configuration.
01:37:36.981 [main] INFO org.springframework.boot.test.context.SpringBootTestContextBootstrapper -- Found @SpringBootConfiguration com.nanbei.entertainment.backend.NanbeiBackendApplication for test class com.nanbei.entertainment.backend.BackendWuLongRoomFlowIT

  .   ____          _            __ _ _
 /\\ / ___'_ __ _ _(_)_ __  __ _ \ \ \ \
( ( )\___ | '_ | '_| | '_ \/ _` | \ \ \ \
 \\/  ___)| |_)| | | | | || (_| |  ) ) ) )
  '  |____| .__|_| |_|_| |_\__, | / / / /
 =========|_|==============|___/=/_/_/_/

 :: Spring Boot ::                (v4.1.0)

2026-08-19T01:37:37.169-04:00  INFO 47849 --- [nanbei-backend] [           main] c.n.e.backend.BackendWuLongRoomFlowIT    : Starting BackendWuLongRoomFlowIT using Java 21.0.10 with PID 47849 (started by mosc in /Users/mosc/Downloads/ZJYX/backend)
2026-08-19T01:37:37.169-04:00  INFO 47849 --- [nanbei-backend] [           main] c.n.e.backend.BackendWuLongRoomFlowIT    : The following 1 profile is active: "local"
2026-08-19T01:37:37.788-04:00  INFO 47849 --- [nanbei-backend] [           main] .s.d.r.c.RepositoryConfigurationDelegate : Bootstrapping Spring Data JPA repositories in DEFAULT mode.
2026-08-19T01:37:37.864-04:00  INFO 47849 --- [nanbei-backend] [           main] .s.d.r.c.RepositoryConfigurationDelegate : Finished Spring Data repository scanning in 72 ms. Found 64 JPA repository interfaces.
2026-08-19T01:37:38.216-04:00  INFO 47849 --- [nanbei-backend] [           main] o.s.boot.tomcat.TomcatWebServer          : Tomcat initialized with port 0 (http)
2026-08-19T01:37:38.224-04:00  INFO 47849 --- [nanbei-backend] [           main] o.apache.catalina.core.StandardService   : Starting service [Tomcat]
2026-08-19T01:37:38.224-04:00  INFO 47849 --- [nanbei-backend] [           main] o.apache.catalina.core.StandardEngine    : Starting Servlet engine: [Apache Tomcat/11.0.22]
2026-08-19T01:37:38.261-04:00  INFO 47849 --- [nanbei-backend] [           main] b.w.c.s.WebApplicationContextInitializer : Root WebApplicationContext: initialization completed in 1080 ms
2026-08-19T01:37:38.380-04:00  INFO 47849 --- [nanbei-backend] [           main] org.testcontainers.images.PullPolicy     : Image pull policy will be performed by: DefaultPullPolicy()
2026-08-19T01:37:38.381-04:00  INFO 47849 --- [nanbei-backend] [           main] o.t.utility.ImageNameSubstitutor         : Image name substitution will be performed by: DefaultImageNameSubstitutor (composite of 'ConfigurationFileImageNameSubstitutor' and 'PrefixingImageNameSubstitutor')
2026-08-19T01:37:38.390-04:00  INFO 47849 --- [nanbei-backend] [           main] org.testcontainers.DockerClientFactory   : Testcontainers version: 2.0.5
2026-08-19T01:37:38.495-04:00  INFO 47849 --- [nanbei-backend] [           main] o.t.d.DockerClientProviderStrategy       : Loaded org.testcontainers.dockerclient.UnixSocketClientProviderStrategy from ~/.testcontainers.properties, will try it first
2026-08-19T01:37:38.706-04:00  INFO 47849 --- [nanbei-backend] [           main] o.t.d.DockerClientProviderStrategy       : Found Docker environment with local Unix socket (unix:///var/run/docker.sock)
2026-08-19T01:37:38.707-04:00  INFO 47849 --- [nanbei-backend] [           main] org.testcontainers.DockerClientFactory   : Docker host IP address is localhost
2026-08-19T01:37:38.725-04:00  INFO 47849 --- [nanbei-backend] [           main] org.testcontainers.DockerClientFactory   : Connected to docker: 
  Server Version: 29.6.1
  API Version: 1.55
  Operating System: Docker Desktop
  Total Memory: 7936 MB
  Labels: 
    com.docker.desktop.address=unix:///Users/mosc/Library/Containers/com.docker.docker/Data/docker-cli.sock
2026-08-19T01:37:38.867-04:00  INFO 47849 --- [nanbei-backend] [           main] tc.testcontainers/ryuk:0.14.0            : Creating container for image: testcontainers/ryuk:0.14.0
2026-08-19T01:38:08.899-04:00  INFO 47849 --- [nanbei-backend] [           main] o.t.utility.RegistryAuthLocator          : Failure when attempting to lookup auth config. Please ignore if you don't have images in an authenticated registry. Details: (dockerImageName: testcontainers/ryuk:0.14.0, configFile: /Users/mosc/.docker/config.json, configEnv: DOCKER_AUTH_CONFIG). Falling back to docker-java default behaviour. Exception message: Timed out waiting for Process[pid=47911, exitValue="not exited"] to finish, timeout: 30 seconds, executed command [docker-credential-desktop, get]
2026-08-19T01:38:09.070-04:00  INFO 47849 --- [nanbei-backend] [           main] tc.testcontainers/ryuk:0.14.0            : Container testcontainers/ryuk:0.14.0 is starting: 2515c793baa5eb1cfb7e5c4d16aedf2104b94ac4ae92d40962884d44ada31a44
2026-08-19T01:38:09.602-04:00  INFO 47849 --- [nanbei-backend] [           main] tc.testcontainers/ryuk:0.14.0            : Container testcontainers/ryuk:0.14.0 started in PT30.735602S
2026-08-19T01:38:09.632-04:00  INFO 47849 --- [nanbei-backend] [           main] o.t.utility.RyukResourceReaper           : Ryuk started - will monitor and terminate Testcontainers containers on JVM exit
2026-08-19T01:38:09.632-04:00  INFO 47849 --- [nanbei-backend] [           main] org.testcontainers.DockerClientFactory   : Checking the system...
2026-08-19T01:38:09.633-04:00  INFO 47849 --- [nanbei-backend] [           main] org.testcontainers.DockerClientFactory   : ✔︎ Docker server version should be at least 1.6.0
2026-08-19T01:38:09.633-04:00  INFO 47849 --- [nanbei-backend] [           main] tc.postgres:17-alpine                    : Creating container for image: postgres:17-alpine
2026-08-19T01:38:09.701-04:00  INFO 47849 --- [nanbei-backend] [           main] tc.postgres:17-alpine                    : Container postgres:17-alpine is starting: ccd4134fac1840900d37854f70feba25d36e5e648f835f8dd2b1c66a3f622958
2026-08-19T01:38:10.733-04:00  INFO 47849 --- [nanbei-backend] [           main] tc.postgres:17-alpine                    : Container postgres:17-alpine started in PT1.099974S
2026-08-19T01:38:10.734-04:00  INFO 47849 --- [nanbei-backend] [           main] tc.postgres:17-alpine                    : Container is started (JDBC URL: jdbc:postgresql://localhost:64835/test?loggerLevel=OFF)
2026-08-19T01:38:10.990-04:00  INFO 47849 --- [nanbei-backend] [           main] org.flywaydb.core.FlywayExecutor         : Database: jdbc:postgresql://localhost:64835/test?loggerLevel=OFF (PostgreSQL 17.10)
2026-08-19T01:38:11.052-04:00  INFO 47849 --- [nanbei-backend] [           main] o.f.c.i.s.JdbcTableSchemaHistory         : Schema history table "public"."flyway_schema_history" does not exist yet
2026-08-19T01:38:11.055-04:00  INFO 47849 --- [nanbei-backend] [           main] o.f.core.internal.command.DbValidate     : Successfully validated 43 migrations (execution time 00:00.032s)
2026-08-19T01:38:11.067-04:00  INFO 47849 --- [nanbei-backend] [           main] o.f.c.i.s.JdbcTableSchemaHistory         : Creating Schema History table "public"."flyway_schema_history" ...
2026-08-19T01:38:11.124-04:00  INFO 47849 --- [nanbei-backend] [           main] o.f.core.internal.command.DbMigrate      : Current version of schema "public": << Empty Schema >>
2026-08-19T01:38:11.125-04:00  WARN 47849 --- [nanbei-backend] [           main] o.f.core.internal.command.DbMigrate      : outOfOrder mode is active. Migration of schema "public" may not be reproducible.
2026-08-19T01:38:11.133-04:00  INFO 47849 --- [nanbei-backend] [           main] o.f.core.internal.command.DbMigrate      : Migrating schema "public" to version "1 - initial schema"
2026-08-19T01:38:11.162-04:00  INFO 47849 --- [nanbei-backend] [           main] o.f.core.internal.command.DbMigrate      : Migrating schema "public" to version "2 - region catalog"
2026-08-19T01:38:11.185-04:00  INFO 47849 --- [nanbei-backend] [           main] o.f.core.internal.command.DbMigrate      : Migrating schema "public" to version "3 - game home"
2026-08-19T01:38:11.205-04:00  INFO 47849 --- [nanbei-backend] [           main] o.f.core.internal.command.DbMigrate      : Migrating schema "public" to version "4 - player avatar"
2026-08-19T01:38:11.220-04:00  INFO 47849 --- [nanbei-backend] [           main] o.f.core.internal.command.DbMigrate      : Migrating schema "public" to version "5 - personal center wallet"
2026-08-19T01:38:11.227-04:00  INFO 47849 --- [nanbei-backend] [           main] o.f.core.internal.command.DbMigrate      : Migrating schema "public" to version "6 - personal center preferences feedback"
2026-08-19T01:38:11.236-04:00  INFO 47849 --- [nanbei-backend] [           main] o.f.core.internal.command.DbMigrate      : Migrating schema "public" to version "7 - real name verification"
2026-08-19T01:38:11.250-04:00  INFO 47849 --- [nanbei-backend] [           main] o.f.core.internal.command.DbMigrate      : Migrating schema "public" to version "8 - friend system"
2026-08-19T01:38:11.261-04:00  INFO 47849 --- [nanbei-backend] [           main] o.f.core.internal.command.DbMigrate      : Migrating schema "public" to version "9 - friend notification recall"
2026-08-19T01:38:11.269-04:00  INFO 47849 --- [nanbei-backend] [           main] o.f.core.internal.command.DbMigrate      : Migrating schema "public" to version "10 - box room creation"
2026-08-19T01:38:11.290-04:00  INFO 47849 --- [nanbei-backend] [           main] o.f.core.internal.command.DbMigrate      : Migrating schema "public" to version "11 - box room seed"
2026-08-19T01:38:11.300-04:00  INFO 47849 --- [nanbei-backend] [           main] o.f.core.internal.command.DbMigrate      : Migrating schema "public" to version "12 - membership daily gift"
2026-08-19T01:38:11.320-04:00  INFO 47849 --- [nanbei-backend] [           main] o.f.core.internal.command.DbMigrate      : Migrating schema "public" to version "13 - membership products entitlements"
2026-08-19T01:38:11.335-04:00  INFO 47849 --- [nanbei-backend] [           main] o.f.core.internal.command.DbMigrate      : Migrating schema "public" to version "14 - membership gold statistics"
2026-08-19T01:38:11.343-04:00  INFO 47849 --- [nanbei-backend] [           main] o.f.core.internal.command.DbMigrate      : Migrating schema "public" to version "15 - repair membership payment products"
2026-08-19T01:38:11.353-04:00  INFO 47849 --- [nanbei-backend] [           main] o.f.core.internal.command.DbMigrate      : Migrating schema "public" to version "16 - native shop"
2026-08-19T01:38:11.373-04:00  INFO 47849 --- [nanbei-backend] [           main] o.f.core.internal.command.DbMigrate      : Migrating schema "public" to version "17 - add native shop seven day membership"
2026-08-19T01:38:11.379-04:00  INFO 47849 --- [nanbei-backend] [           main] o.f.core.internal.command.DbMigrate      : Migrating schema "public" to version "18 - membership notice"
2026-08-19T01:38:11.386-04:00  INFO 47849 --- [nanbei-backend] [           main] o.f.core.internal.command.DbMigrate      : Migrating schema "public" to version "19 - add original recorder products"
2026-08-19T01:38:11.393-04:00  INFO 47849 --- [nanbei-backend] [           main] o.f.core.internal.command.DbMigrate      : Migrating schema "public" to version "20 - match arena"
2026-08-19T01:38:11.412-04:00  INFO 47849 --- [nanbei-backend] [           main] o.f.core.internal.command.DbMigrate      : Migrating schema "public" to version "21 - complete box room chain"
2026-08-19T01:38:11.435-04:00  INFO 47849 --- [nanbei-backend] [           main] o.f.core.internal.command.DbMigrate      : Migrating schema "public" to version "22 - daily missions"
2026-08-19T01:38:11.462-04:00  INFO 47849 --- [nanbei-backend] [           main] o.f.core.internal.command.DbMigrate      : Migrating schema "public" to version "23 - seed taizhou box rooms"
2026-08-19T01:38:11.476-04:00  INFO 47849 --- [nanbei-backend] [           main] o.f.core.internal.command.DbMigrate      : Migrating schema "public" to version "24 - mail"
2026-08-19T01:38:11.484-04:00  INFO 47849 --- [nanbei-backend] [           main] o.f.core.internal.command.DbMigrate      : Migrating schema "public" to version "25 - game home entry bubble"
2026-08-19T01:38:11.489-04:00  INFO 47849 --- [nanbei-backend] [           main] o.f.core.internal.command.DbMigrate      : Migrating schema "public" to version "26 - game home entry bubble copy"
2026-08-19T01:38:11.493-04:00  INFO 47849 --- [nanbei-backend] [           main] o.f.core.internal.command.DbMigrate      : Migrating schema "public" to version "27 - room original protocol fields"
2026-08-19T01:38:11.498-04:00  INFO 47849 --- [nanbei-backend] [           main] o.f.core.internal.command.DbMigrate      : Migrating schema "public" to version "28 - gameplay foundation"
2026-08-19T01:38:11.514-04:00  INFO 47849 --- [nanbei-backend] [           main] o.f.core.internal.command.DbMigrate      : Migrating schema "public" to version "29 - room rule display"
2026-08-19T01:38:11.518-04:00  INFO 47849 --- [nanbei-backend] [           main] o.f.core.internal.command.DbMigrate      : Migrating schema "public" to version "30 - mission limited time tasks"
2026-08-19T01:38:11.522-04:00  INFO 47849 --- [nanbei-backend] [           main] o.f.core.internal.command.DbMigrate      : Migrating schema "public" to version "31 - gameplay seat score"
2026-08-19T01:38:11.526-04:00  INFO 47849 --- [nanbei-backend] [           main] o.f.core.internal.command.DbMigrate      : Migrating schema "public" to version "32 - weekly mission catalog"
2026-08-19T01:38:11.534-04:00  INFO 47849 --- [nanbei-backend] [           main] o.f.core.internal.command.DbMigrate      : Migrating schema "public" to version "33 - taizhou waiting tools"
2026-08-19T01:38:11.553-04:00  INFO 47849 --- [nanbei-backend] [           main] o.f.core.internal.command.DbMigrate      : Migrating schema "public" to version "34 - gold room catalog"
2026-08-19T01:38:11.563-04:00  INFO 47849 --- [nanbei-backend] [           main] o.f.core.internal.command.DbMigrate      : Migrating schema "public" to version "35 - gold room join"
2026-08-19T01:38:11.570-04:00  INFO 47849 --- [nanbei-backend] [           main] o.f.core.internal.command.DbMigrate      : Migrating schema "public" to version "36 - time login act"
2026-08-19T01:38:11.585-04:00  INFO 47849 --- [nanbei-backend] [           main] o.f.core.internal.command.DbMigrate      : Migrating schema "public" to version "37 - game rule documents"
2026-08-19T01:38:11.592-04:00  INFO 47849 --- [nanbei-backend] [           main] o.f.core.internal.command.DbMigrate      : Migrating schema "public" to version "38 - room venue"
2026-08-19T01:38:11.598-04:00  INFO 47849 --- [nanbei-backend] [           main] o.f.core.internal.command.DbMigrate      : Migrating schema "public" to version "39 - taizhou box room original protocol"
2026-08-19T01:38:11.603-04:00  INFO 47849 --- [nanbei-backend] [           main] o.f.core.internal.command.DbMigrate      : Migrating schema "public" to version "40 - room count unit"
2026-08-19T01:38:11.609-04:00  INFO 47849 --- [nanbei-backend] [           main] o.f.core.internal.command.DbMigrate      : Migrating schema "public" to version "41 - repair legacy taizhou box rooms"
2026-08-19T01:38:11.614-04:00  INFO 47849 --- [nanbei-backend] [           main] o.f.core.internal.command.DbMigrate      : Migrating schema "public" to version "42 - normalize taizhou room protocol and gold display"
2026-08-19T01:38:11.620-04:00  INFO 47849 --- [nanbei-backend] [           main] o.f.core.internal.command.DbMigrate      : Migrating schema "public" to version "1000 - seed local product"
2026-08-19T01:38:11.627-04:00  INFO 47849 --- [nanbei-backend] [           main] o.f.core.internal.command.DbMigrate      : Successfully applied 43 migrations to schema "public", now at version v1000 (execution time 00:00.256s)
2026-08-19T01:38:11.709-04:00  INFO 47849 --- [nanbei-backend] [           main] org.hibernate.orm.jpa                    : HHH008540: Processing PersistenceUnitInfo [name: default]
2026-08-19T01:38:11.754-04:00  INFO 47849 --- [nanbei-backend] [           main] org.hibernate.orm.core                   : HHH000001: Hibernate ORM core version 7.4.1.Final
2026-08-19T01:38:11.955-04:00  INFO 47849 --- [nanbei-backend] [           main] o.s.o.j.p.SpringPersistenceUnitInfo      : No LoadTimeWeaver setup: ignoring JPA class transformer
2026-08-19T01:38:11.976-04:00  INFO 47849 --- [nanbei-backend] [           main] com.zaxxer.hikari.HikariDataSource       : HikariPool-1 - Starting...
2026-08-19T01:38:11.996-04:00  INFO 47849 --- [nanbei-backend] [           main] com.zaxxer.hikari.pool.HikariPool        : HikariPool-1 - Added connection org.postgresql.jdbc.PgConnection@1e7b277a
2026-08-19T01:38:11.997-04:00  INFO 47849 --- [nanbei-backend] [           main] com.zaxxer.hikari.HikariDataSource       : HikariPool-1 - Start completed.
2026-08-19T01:38:12.041-04:00  INFO 47849 --- [nanbei-backend] [           main] org.hibernate.orm.connections.pooling    : HHH10001005: Database info:
	Database JDBC URL [jdbc:postgresql://localhost:64835/test?loggerLevel=OFF]
	Database driver: PostgreSQL JDBC Driver
	Database dialect: PostgreSQLDialect
	Database version: 17.10
	Default catalog/schema: test/public
	Autocommit mode: undefined/unknown
	Isolation level: READ_COMMITTED [default READ_COMMITTED]
	JDBC fetch size: none
	Pool: DataSourceConnectionProvider
	Minimum pool size: undefined/unknown
	Maximum pool size: undefined/unknown
2026-08-19T01:38:12.919-04:00  INFO 47849 --- [nanbei-backend] [           main] org.hibernate.orm.core                   : HHH000489: No JTA platform available (set 'hibernate.transaction.jta.platform' to enable JTA platform integration)
2026-08-19T01:38:12.968-04:00  INFO 47849 --- [nanbei-backend] [           main] j.LocalContainerEntityManagerFactoryBean : Initialized JPA EntityManagerFactory for persistence unit 'default'
2026-08-19T01:38:13.020-04:00  INFO 47849 --- [nanbei-backend] [           main] o.s.d.j.r.query.QueryEnhancerFactories   : Hibernate is in classpath; If applicable, HQL parser will be used.
2026-08-19T01:38:14.319-04:00  INFO 47849 --- [nanbei-backend] [           main] c.n.e.b.r.application.RealNameService    : Real-name verifier active: LocalRealNameVerifier
2026-08-19T01:38:14.858-04:00  INFO 47849 --- [nanbei-backend] [           main] o.s.b.a.e.web.EndpointLinksResolver      : Exposing 2 endpoints beneath base path '/actuator'
2026-08-19T01:38:14.910-04:00  INFO 47849 --- [nanbei-backend] [           main] o.s.boot.tomcat.TomcatWebServer          : Tomcat started on port 64859 (http) with context path '/'
2026-08-19T01:38:14.919-04:00  INFO 47849 --- [nanbei-backend] [           main] c.n.e.backend.BackendWuLongRoomFlowIT    : Started BackendWuLongRoomFlowIT in 37.906 seconds (process running for 38.521)
2026-08-19T01:38:16.391-04:00  INFO 47849 --- [nanbei-backend] [o-auto-1-exec-1] o.a.c.c.C.[Tomcat].[localhost].[/]       : Initializing Spring DispatcherServlet 'dispatcherServlet'
2026-08-19T01:38:16.392-04:00  INFO 47849 --- [nanbei-backend] [o-auto-1-exec-1] o.s.web.servlet.DispatcherServlet        : Initializing Servlet 'dispatcherServlet'
2026-08-19T01:38:16.393-04:00  INFO 47849 --- [nanbei-backend] [o-auto-1-exec-1] o.s.web.servlet.DispatcherServlet        : Completed initialization in 1 ms
]]></system-out>
  </testcase>
  <testcase name="qaCommandsAndLegacyFirstRoundCannotBypassThe30588Lifecycle" classname="com.nanbei.entertainment.backend.BackendWuLongRoomFlowIT" time="0.109"/>
  <testcase name="apiGetUsesOneSharedServerClockForWulongTimeoutWithoutChangingTheRound" classname="com.nanbei.entertainment.backend.BackendWuLongRoomFlowIT" time="0.104"/>
  <testcase name="fourAuthenticated900023ParticipantsCanStartPrivateAuthoritative30588Round" classname="com.nanbei.entertainment.backend.BackendWuLongRoomFlowIT" time="0.135"/>
  <testcase name="realJwtCommandsUseRecoveredKingBombLineAgainstServerOwnedDealtHands" classname="com.nanbei.entertainment.backend.BackendWuLongRoomFlowIT" time="0.128"/>
</testsuite>