<?xml version="1.0" encoding="UTF-8"?>
<testsuite xmlns:xsi="http://www.w3.org/2001/XMLSchema-instance" xsi:noNamespaceSchemaLocation="https://maven.apache.org/surefire/maven-surefire-plugin/xsd/surefire-test-report.xsd" version="3.0.2" name="com.nanbei.entertainment.backend.fortune.application.FortuneServiceTest" time="0.198" tests="5" errors="0" skipped="0" failures="0" flakes="0">
  <properties>
[...]
</properties>
  <testcase name="stateReturnsServerOwnedCatalogWalletAndActiveItems" classname="com.nanbei.entertainment.backend.fortune.application.FortuneServiceTest" time="0.19"/>
  <testcase name="oneTreasureDrawDebitsOneHundredDiamondsAndExpiresInThreeHours" classname="com.nanbei.entertainment.backend.fortune.application.FortuneServiceTest" time="0.004"/>
  <testcase name="fiveDrawsUseOriginalClientDiscountAndDuplicateCapsAtTen" classname="com.nanbei.entertainment.backend.fortune.application.FortuneServiceTest" time="0.002"/>
  <testcase name="insufficientDiamondsRollsBackAsBusinessError" classname="com.nanbei.entertainment.backend.fortune.application.FortuneServiceTest" time="0.0"/>
  <testcase name="caishenActivationExtendsExistingAuthorityExpiry" classname="com.nanbei.entertainment.backend.fortune.application.FortuneServiceTest" time="0.002"/>
</testsuite>