-------------------------------------------------------------------------------
Test set: com.nanbei.entertainment.backend.BackendRoomLifecycleFlowIT
-------------------------------------------------------------------------------
Tests run: 3, Failures: 1, Errors: 0, Skipped: 0, Time elapsed: 0.087 s <<< FAILURE! -- in com.nanbei.entertainment.backend.BackendRoomLifecycleFlowIT
com.nanbei.entertainment.backend.BackendRoomLifecycleFlowIT.createsIdempotentlyThenChargesExactlyOnceOnFirstRound -- Time elapsed: 0.037 s <<< FAILURE!
org.opentest4j.AssertionFailedError: 

expected: 200
 but was: 410
	at com.nanbei.entertainment.backend.BackendRoomLifecycleFlowIT.createsIdempotentlyThenChargesExactlyOnceOnFirstRound(BackendRoomLifecycleFlowIT.java:90)

