-------------------------------------------------------------------------------
Test set: com.nanbei.entertainment.backend.BackendRoomParticipantFlowIT
-------------------------------------------------------------------------------
Tests run: 3, Failures: 2, Errors: 0, Skipped: 0, Time elapsed: 0.154 s <<< FAILURE! -- in com.nanbei.entertainment.backend.BackendRoomParticipantFlowIT
com.nanbei.entertainment.backend.BackendRoomParticipantFlowIT.rejectsAaJoinWithoutBalanceAndRollsBackWhenABalanceChangesBeforeStart -- Time elapsed: 0.064 s <<< FAILURE!
org.opentest4j.AssertionFailedError: 

expected: 409
 but was: 410
	at com.nanbei.entertainment.backend.BackendRoomParticipantFlowIT.rejectsAaJoinWithoutBalanceAndRollsBackWhenABalanceChangesBeforeStart(BackendRoomParticipantFlowIT.java:223)

com.nanbei.entertainment.backend.BackendRoomParticipantFlowIT.requiresAFullRoomAndChargesEveryAaParticipantInCenti -- Time elapsed: 0.019 s <<< FAILURE!
org.opentest4j.AssertionFailedError: 

expected: 409
 but was: 410
	at com.nanbei.entertainment.backend.BackendRoomParticipantFlowIT.requiresAFullRoomAndChargesEveryAaParticipantInCenti(BackendRoomParticipantFlowIT.java:96)

