<?xml version="1.0" encoding="UTF-8"?>
<testsuite xmlns:xsi="http://www.w3.org/2001/XMLSchema-instance" xsi:noNamespaceSchemaLocation="https://maven.apache.org/surefire/maven-failsafe-plugin/xsd/failsafe-test-report.xsd" version="3.0.2" name="com.nanbei.entertainment.backend.BackendYishoumiMembershipFlowIT" time="2.99" tests="1" errors="0" skipped="0" failures="0" flakes="0">
  <properties>
[...]
</properties>
  <testcase name="createsAlipayH5OrderAndFulfillsMembershipOnceAfterSignedWebhook" classname="com.nanbei.entertainment.backend.BackendYishoumiMembershipFlowIT" time="0.071">
    <system-out><![CDATA[2026-08-19T23:23:57.226-04:00  INFO 16635 --- [nanbei-backend] [           main] .b.t.c.SpringBootTestContextBootstrapper : Found @SpringBootConfiguration com.nanbei.entertainment.backend.NanbeiBackendApplication for test class com.nanbei.entertainment.backend.BackendYishoumiMembershipFlowIT
2026-08-19T23:23:57.226-04:00  INFO 16635 --- [nanbei-backend] [           main] t.c.s.AnnotationConfigContextLoaderUtils : Could not detect default configuration classes for test class [com.nanbei.entertainment.backend.BackendFlowTestSupport]: BackendFlowTestSupport does not declare any static, non-private, non-final, nested classes annotated with @Configuration.
2026-08-19T23:23:57.229-04:00  INFO 16635 --- [nanbei-backend] [           main] .b.t.c.SpringBootTestContextBootstrapper : Found @SpringBootConfiguration com.nanbei.entertainment.backend.NanbeiBackendApplication for test class com.nanbei.entertainment.backend.BackendYishoumiMembershipFlowIT

  .   ____          _            __ _ _
 /\\ / ___'_ __ _ _(_)_ __  __ _ \ \ \ \
( ( )\___ | '_ | '_| | '_ \/ _` | \ \ \ \
 \\/  ___)| |_)| | | | | || (_| |  ) ) ) )
  '  |____| .__|_| |_|_| |_\__, | / / / /
 =========|_|==============|___/=/_/_/_/

 :: Spring Boot ::                (v4.1.0)

2026-08-19T23:23:57.251-04:00  INFO 16635 --- [nanbei-backend] [           main] c.n.e.b.BackendYishoumiMembershipFlowIT  : Starting BackendYishoumiMembershipFlowIT using Java 21.0.10 with PID 16635 (started by mosc in /Users/mosc/Downloads/ZJYX/backend)
2026-08-19T23:23:57.251-04:00  INFO 16635 --- [nanbei-backend] [           main] c.n.e.b.BackendYishoumiMembershipFlowIT  : The following 1 profile is active: "local"
2026-08-19T23:23:57.436-04:00  INFO 16635 --- [nanbei-backend] [           main] .s.d.r.c.RepositoryConfigurationDelegate : Bootstrapping Spring Data JPA repositories in DEFAULT mode.
2026-08-19T23:23:57.468-04:00  INFO 16635 --- [nanbei-backend] [           main] .s.d.r.c.RepositoryConfigurationDelegate : Finished Spring Data repository scanning in 31 ms. Found 67 JPA repository interfaces.
2026-08-19T23:23:57.525-04:00  INFO 16635 --- [nanbei-backend] [           main] o.s.boot.tomcat.TomcatWebServer          : Tomcat initialized with port 0 (http)
2026-08-19T23:23:57.527-04:00  INFO 16635 --- [nanbei-backend] [           main] o.apache.catalina.core.StandardService   : Starting service [Tomcat]
2026-08-19T23:23:57.527-04:00  INFO 16635 --- [nanbei-backend] [           main] o.apache.catalina.core.StandardEngine    : Starting Servlet engine: [Apache Tomcat/11.0.22]
2026-08-19T23:23:57.544-04:00  INFO 16635 --- [nanbei-backend] [           main] b.w.c.s.WebApplicationContextInitializer : Root WebApplicationContext: initialization completed in 292 ms
2026-08-19T23:23:57.567-04:00  INFO 16635 --- [nanbei-backend] [           main] tc.postgres:17-alpine                    : Creating container for image: postgres:17-alpine
2026-08-19T23:23:57.634-04:00  INFO 16635 --- [nanbei-backend] [           main] tc.postgres:17-alpine                    : Container postgres:17-alpine is starting: a7906816b5d9c0f2cef0e434610ec99743d1bd99231d8bd59169c55c277afdf5
2026-08-19T23:23:58.456-04:00  INFO 16635 --- [nanbei-backend] [           main] tc.postgres:17-alpine                    : Container postgres:17-alpine started in PT0.889356S
2026-08-19T23:23:58.456-04:00  INFO 16635 --- [nanbei-backend] [           main] tc.postgres:17-alpine                    : Container is started (JDBC URL: jdbc:postgresql://localhost:55439/test?loggerLevel=OFF)
2026-08-19T23:23:58.516-04:00  INFO 16635 --- [nanbei-backend] [           main] org.flywaydb.core.FlywayExecutor         : Database: jdbc:postgresql://localhost:55439/test?loggerLevel=OFF (PostgreSQL 17.10)
2026-08-19T23:23:58.531-04:00  INFO 16635 --- [nanbei-backend] [           main] o.f.c.i.s.JdbcTableSchemaHistory         : Schema history table "public"."flyway_schema_history" does not exist yet
2026-08-19T23:23:58.532-04:00  INFO 16635 --- [nanbei-backend] [           main] o.f.core.internal.command.DbValidate     : Successfully validated 44 migrations (execution time 00:00.007s)
2026-08-19T23:23:58.536-04:00  INFO 16635 --- [nanbei-backend] [           main] o.f.c.i.s.JdbcTableSchemaHistory         : Creating Schema History table "public"."flyway_schema_history" ...
2026-08-19T23:23:58.549-04:00  INFO 16635 --- [nanbei-backend] [           main] o.f.core.internal.command.DbMigrate      : Current version of schema "public": << Empty Schema >>
2026-08-19T23:23:58.549-04:00  WARN 16635 --- [nanbei-backend] [           main] o.f.core.internal.command.DbMigrate      : outOfOrder mode is active. Migration of schema "public" may not be reproducible.
2026-08-19T23:23:58.551-04:00  INFO 16635 --- [nanbei-backend] [           main] o.f.core.internal.command.DbMigrate      : Migrating schema "public" to version "1 - initial schema"
2026-08-19T23:23:58.573-04:00  INFO 16635 --- [nanbei-backend] [           main] o.f.core.internal.command.DbMigrate      : Migrating schema "public" to version "2 - region catalog"
2026-08-19T23:23:58.582-04:00  INFO 16635 --- [nanbei-backend] [           main] o.f.core.internal.command.DbMigrate      : Migrating schema "public" to version "3 - game home"
2026-08-19T23:23:58.591-04:00  INFO 16635 --- [nanbei-backend] [           main] o.f.core.internal.command.DbMigrate      : Migrating schema "public" to version "4 - player avatar"
2026-08-19T23:23:58.597-04:00  INFO 16635 --- [nanbei-backend] [           main] o.f.core.internal.command.DbMigrate      : Migrating schema "public" to version "5 - personal center wallet"
2026-08-19T23:23:58.601-04:00  INFO 16635 --- [nanbei-backend] [           main] o.f.core.internal.command.DbMigrate      : Migrating schema "public" to version "6 - personal center preferences feedback"
2026-08-19T23:23:58.607-04:00  INFO 16635 --- [nanbei-backend] [           main] o.f.core.internal.command.DbMigrate      : Migrating schema "public" to version "7 - real name verification"
2026-08-19T23:23:58.614-04:00  INFO 16635 --- [nanbei-backend] [           main] o.f.core.internal.command.DbMigrate      : Migrating schema "public" to version "8 - friend system"
2026-08-19T23:23:58.622-04:00  INFO 16635 --- [nanbei-backend] [           main] o.f.core.internal.command.DbMigrate      : Migrating schema "public" to version "9 - friend notification recall"
2026-08-19T23:23:58.626-04:00  INFO 16635 --- [nanbei-backend] [           main] o.f.core.internal.command.DbMigrate      : Migrating schema "public" to version "10 - box room creation"
2026-08-19T23:23:58.640-04:00  INFO 16635 --- [nanbei-backend] [           main] o.f.core.internal.command.DbMigrate      : Migrating schema "public" to version "11 - box room seed"
2026-08-19T23:23:58.649-04:00  INFO 16635 --- [nanbei-backend] [           main] o.f.core.internal.command.DbMigrate      : Migrating schema "public" to version "12 - membership daily gift"
2026-08-19T23:23:58.659-04:00  INFO 16635 --- [nanbei-backend] [           main] o.f.core.internal.command.DbMigrate      : Migrating schema "public" to version "13 - membership products entitlements"
2026-08-19T23:23:58.681-04:00  INFO 16635 --- [nanbei-backend] [           main] o.f.core.internal.command.DbMigrate      : Migrating schema "public" to version "14 - membership gold statistics"
2026-08-19T23:23:58.688-04:00  INFO 16635 --- [nanbei-backend] [           main] o.f.core.internal.command.DbMigrate      : Migrating schema "public" to version "15 - repair membership payment products"
2026-08-19T23:23:58.694-04:00  INFO 16635 --- [nanbei-backend] [           main] o.f.core.internal.command.DbMigrate      : Migrating schema "public" to version "16 - native shop"
2026-08-19T23:23:58.712-04:00  INFO 16635 --- [nanbei-backend] [           main] o.f.core.internal.command.DbMigrate      : Migrating schema "public" to version "17 - add native shop seven day membership"
2026-08-19T23:23:58.717-04:00  INFO 16635 --- [nanbei-backend] [           main] o.f.core.internal.command.DbMigrate      : Migrating schema "public" to version "18 - membership notice"
2026-08-19T23:23:58.723-04:00  INFO 16635 --- [nanbei-backend] [           main] o.f.core.internal.command.DbMigrate      : Migrating schema "public" to version "19 - add original recorder products"
2026-08-19T23:23:58.729-04:00  INFO 16635 --- [nanbei-backend] [           main] o.f.core.internal.command.DbMigrate      : Migrating schema "public" to version "20 - match arena"
2026-08-19T23:23:58.745-04:00  INFO 16635 --- [nanbei-backend] [           main] o.f.core.internal.command.DbMigrate      : Migrating schema "public" to version "21 - complete box room chain"
2026-08-19T23:23:58.761-04:00  INFO 16635 --- [nanbei-backend] [           main] o.f.core.internal.command.DbMigrate      : Migrating schema "public" to version "22 - daily missions"
2026-08-19T23:23:58.784-04:00  INFO 16635 --- [nanbei-backend] [           main] o.f.core.internal.command.DbMigrate      : Migrating schema "public" to version "23 - seed taizhou box rooms"
2026-08-19T23:23:58.796-04:00  INFO 16635 --- [nanbei-backend] [           main] o.f.core.internal.command.DbMigrate      : Migrating schema "public" to version "24 - mail"
2026-08-19T23:23:58.802-04:00  INFO 16635 --- [nanbei-backend] [           main] o.f.core.internal.command.DbMigrate      : Migrating schema "public" to version "25 - game home entry bubble"
2026-08-19T23:23:58.807-04:00  INFO 16635 --- [nanbei-backend] [           main] o.f.core.internal.command.DbMigrate      : Migrating schema "public" to version "26 - game home entry bubble copy"
2026-08-19T23:23:58.810-04:00  INFO 16635 --- [nanbei-backend] [           main] o.f.core.internal.command.DbMigrate      : Migrating schema "public" to version "27 - room original protocol fields"
2026-08-19T23:23:58.815-04:00  INFO 16635 --- [nanbei-backend] [           main] o.f.core.internal.command.DbMigrate      : Migrating schema "public" to version "28 - gameplay foundation"
2026-08-19T23:23:58.829-04:00  INFO 16635 --- [nanbei-backend] [           main] o.f.core.internal.command.DbMigrate      : Migrating schema "public" to version "29 - room rule display"
2026-08-19T23:23:58.833-04:00  INFO 16635 --- [nanbei-backend] [           main] o.f.core.internal.command.DbMigrate      : Migrating schema "public" to version "30 - mission limited time tasks"
2026-08-19T23:23:58.838-04:00  INFO 16635 --- [nanbei-backend] [           main] o.f.core.internal.command.DbMigrate      : Migrating schema "public" to version "31 - gameplay seat score"
2026-08-19T23:23:58.842-04:00  INFO 16635 --- [nanbei-backend] [           main] o.f.core.internal.command.DbMigrate      : Migrating schema "public" to version "32 - weekly mission catalog"
2026-08-19T23:23:58.847-04:00  INFO 16635 --- [nanbei-backend] [           main] o.f.core.internal.command.DbMigrate      : Migrating schema "public" to version "33 - taizhou waiting tools"
2026-08-19T23:23:58.861-04:00  INFO 16635 --- [nanbei-backend] [           main] o.f.core.internal.command.DbMigrate      : Migrating schema "public" to version "34 - gold room catalog"
2026-08-19T23:23:58.869-04:00  INFO 16635 --- [nanbei-backend] [           main] o.f.core.internal.command.DbMigrate      : Migrating schema "public" to version "35 - gold room join"
2026-08-19T23:23:58.874-04:00  INFO 16635 --- [nanbei-backend] [           main] o.f.core.internal.command.DbMigrate      : Migrating schema "public" to version "36 - time login act"
2026-08-19T23:23:58.886-04:00  INFO 16635 --- [nanbei-backend] [           main] o.f.core.internal.command.DbMigrate      : Migrating schema "public" to version "37 - game rule documents"
2026-08-19T23:23:58.893-04:00  INFO 16635 --- [nanbei-backend] [           main] o.f.core.internal.command.DbMigrate      : Migrating schema "public" to version "38 - room venue"
2026-08-19T23:23:58.897-04:00  INFO 16635 --- [nanbei-backend] [           main] o.f.core.internal.command.DbMigrate      : Migrating schema "public" to version "39 - taizhou box room original protocol"
2026-08-19T23:23:58.901-04:00  INFO 16635 --- [nanbei-backend] [           main] o.f.core.internal.command.DbMigrate      : Migrating schema "public" to version "40 - room count unit"
2026-08-19T23:23:58.906-04:00  INFO 16635 --- [nanbei-backend] [           main] o.f.core.internal.command.DbMigrate      : Migrating schema "public" to version "41 - repair legacy taizhou box rooms"
2026-08-19T23:23:58.910-04:00  INFO 16635 --- [nanbei-backend] [           main] o.f.core.internal.command.DbMigrate      : Migrating schema "public" to version "42 - normalize taizhou room protocol and gold display"
2026-08-19T23:23:58.916-04:00  INFO 16635 --- [nanbei-backend] [           main] o.f.core.internal.command.DbMigrate      : Migrating schema "public" to version "43 - auto pop config"
2026-08-19T23:23:58.924-04:00  INFO 16635 --- [nanbei-backend] [           main] o.f.core.internal.command.DbMigrate      : Migrating schema "public" to version "1000 - seed local product"
2026-08-19T23:23:58.927-04:00  INFO 16635 --- [nanbei-backend] [           main] o.f.core.internal.command.DbMigrate      : Successfully applied 44 migrations to schema "public", now at version v1000 (execution time 00:00.202s)
2026-08-19T23:23:58.943-04:00  INFO 16635 --- [nanbei-backend] [           main] org.hibernate.orm.jpa                    : HHH008540: Processing PersistenceUnitInfo [name: default]
2026-08-19T23:23:58.955-04:00  INFO 16635 --- [nanbei-backend] [           main] o.s.o.j.p.SpringPersistenceUnitInfo      : No LoadTimeWeaver setup: ignoring JPA class transformer
2026-08-19T23:23:58.955-04:00  INFO 16635 --- [nanbei-backend] [           main] com.zaxxer.hikari.HikariDataSource       : HikariPool-2 - Starting...
2026-08-19T23:23:58.961-04:00  INFO 16635 --- [nanbei-backend] [           main] com.zaxxer.hikari.pool.HikariPool        : HikariPool-2 - Added connection org.postgresql.jdbc.PgConnection@45e3a250
2026-08-19T23:23:58.961-04:00  INFO 16635 --- [nanbei-backend] [           main] com.zaxxer.hikari.HikariDataSource       : HikariPool-2 - Start completed.
2026-08-19T23:23:58.964-04:00  INFO 16635 --- [nanbei-backend] [           main] org.hibernate.orm.connections.pooling    : HHH10001005: Database info:
	Database JDBC URL [jdbc:postgresql://localhost:55439/test?loggerLevel=OFF]
	Database driver: PostgreSQL JDBC Driver
	Database dialect: PostgreSQLDialect
	Database version: 17.10
	Default catalog/schema: test/public
	Autocommit mode: undefined/unknown
	Isolation level: READ_COMMITTED [default READ_COMMITTED]
	JDBC fetch size: none
	Pool: DataSourceConnectionProvider
	Minimum pool size: undefined/unknown
	Maximum pool size: undefined/unknown
2026-08-19T23:23:59.155-04:00  INFO 16635 --- [nanbei-backend] [           main] org.hibernate.orm.core                   : HHH000489: No JTA platform available (set 'hibernate.transaction.jta.platform' to enable JTA platform integration)
2026-08-19T23:23:59.173-04:00  INFO 16635 --- [nanbei-backend] [           main] j.LocalContainerEntityManagerFactoryBean : Initialized JPA EntityManagerFactory for persistence unit 'default'
2026-08-19T23:23:59.345-04:00  INFO 16635 --- [nanbei-backend] [           main] c.n.e.b.r.application.RealNameService    : Real-name verifier active: LocalRealNameVerifier
2026-08-19T23:23:59.448-04:00  INFO 16635 --- [nanbei-backend] [           main] o.s.b.a.e.web.EndpointLinksResolver      : Exposing 2 endpoints beneath base path '/actuator'
2026-08-19T23:23:59.456-04:00  INFO 16635 --- [nanbei-backend] [           main] o.s.boot.tomcat.TomcatWebServer          : Tomcat started on port 55453 (http) with context path '/'
2026-08-19T23:23:59.461-04:00  INFO 16635 --- [nanbei-backend] [           main] c.n.e.b.BackendYishoumiMembershipFlowIT  : Started BackendYishoumiMembershipFlowIT in 2.23 seconds (process running for 20.193)
2026-08-19T23:24:00.146-04:00  INFO 16635 --- [nanbei-backend] [o-auto-2-exec-1] o.a.c.c.C.[Tomcat-1].[localhost].[/]     : Initializing Spring DispatcherServlet 'dispatcherServlet'
2026-08-19T23:24:00.146-04:00  INFO 16635 --- [nanbei-backend] [o-auto-2-exec-1] o.s.web.servlet.DispatcherServlet        : Initializing Servlet 'dispatcherServlet'
2026-08-19T23:24:00.146-04:00  INFO 16635 --- [nanbei-backend] [o-auto-2-exec-1] o.s.web.servlet.DispatcherServlet        : Completed initialization in 0 ms
]]></system-out>
  </testcase>
</testsuite>